Build started 29-10-2012 16:40:52.
     1>Project "C:\programming\python\pyflat\c\lpng1513\build\png15.vcxproj" on node 3 (build target(s)).
     1>InitializeBuildStatus:
         Touching "png15.dir\Debug\png15.unsuccessfulbuild".
       CustomBuild:
         All outputs are up-to-date.
       ClCompile:
         C:\Program Files (x86)\Microsoft Visual Studio 10.0\VC\bin\CL.exe /c /I"C:/programming/python/pyflat/c/zlib-1.2.7" /IC:/programming/python/pyflat/c/lpng1513/build /IC:/programming/python/pyflat/c/lpng1513 /Zi /nologo /W3 /WX- /Od /Ob0 /Oy- /D WIN32 /D _WINDOWS /D _DEBUG /D PNG_CONFIGURE_LIBPNG /D _CRT_SECURE_NO_DEPRECATE /D "CMAKE_INTDIR=\"Debug\"" /D PNG_BUILD_DLL /D _WINDLL /D _MBCS /Gm- /RTC1 /MDd /GS /fp:precise /Zc:wchar_t /Zc:forScope /Fo"png15.dir\Debug\\" /Fd"C:/programming/python/pyflat/c/lpng1513/build/Debug/libpng15d.pdb" /Gd /TC /analyze- /errorReport:prompt ..\png.c ..\pngerror.c ..\pngget.c ..\pngmem.c ..\pngpread.c ..\pngread.c ..\pngrio.c ..\pngrtran.c ..\pngrutil.c ..\pngset.c ..\pngtrans.c ..\pngwio.c ..\pngwrite.c ..\pngwtran.c ..\pngwutil.c  /Zm1000 
         png.c
         pngerror.c
         pngget.c
         pngmem.c
         pngpread.c
         pngread.c
         pngrio.c
         pngrtran.c
         pngrutil.c
         pngset.c
         pngtrans.c
         pngwio.c
         pngwrite.c
         pngwtran.c
         pngwutil.c
         Generating Code...
       ManifestResourceCompile:
         C:\Program Files (x86)\Microsoft SDKs\Windows\v7.0A\bin\rc.exe /nologo /fo"png15.dir\Debug\libpng15d.dll.embed.manifest.res" png15.dir\Debug\libpng15d_manifest.rc 
       Link:
         C:\Program Files (x86)\Microsoft Visual Studio 10.0\VC\bin\link.exe /ERRORREPORT:PROMPT /OUT:"C:\programming\python\pyflat\c\lpng1513\build\Debug\libpng15d.dll" /INCREMENTAL /NOLOGO kernel32.lib user32.lib gdi32.lib winspool.lib shell32.lib ole32.lib oleaut32.lib uuid.lib comdlg32.lib advapi32.lib "C:\programming\python\pyflat\c\zlib-1.2.7\build\Release\zlib.lib" /MANIFEST /ManifestFile:"png15.dir\Debug\libpng15d.dll.intermediate.manifest" /MANIFESTUAC:"level='asInvoker' uiAccess='false'" /DEBUG /PDB:"C:/programming/python/pyflat/c/lpng1513/build/Debug/libpng15d.pdb" /SUBSYSTEM:CONSOLE /STACK:"10000000" /TLBID:1 /DYNAMICBASE /NXCOMPAT /IMPLIB:"C:/programming/python/pyflat/c/lpng1513/build/Debug/libpng15d.lib" /MACHINE:X86 /DLL png15.dir\Debug\libpng15d.dll.embed.manifest.res
         png15.dir\Debug\png.obj
         png15.dir\Debug\pngerror.obj
         png15.dir\Debug\pngget.obj
         png15.dir\Debug\pngmem.obj
         png15.dir\Debug\pngpread.obj
         png15.dir\Debug\pngread.obj
         png15.dir\Debug\pngrio.obj
         png15.dir\Debug\pngrtran.obj
         png15.dir\Debug\pngrutil.obj
         png15.dir\Debug\pngset.obj
         png15.dir\Debug\pngtrans.obj
         png15.dir\Debug\pngwio.obj
         png15.dir\Debug\pngwrite.obj
         png15.dir\Debug\pngwtran.obj
         png15.dir\Debug\pngwutil.obj  /machine:X86 /debug 
            Creating library C:/programming/python/pyflat/c/lpng1513/build/Debug/libpng15d.lib and object C:/programming/python/pyflat/c/lpng1513/build/Debug/libpng15d.exp
       Manifest:
         C:\Program Files (x86)\Microsoft SDKs\Windows\v7.0A\bin\mt.exe /nologo /verbose /out:"png15.dir\Debug\libpng15d.dll.embed.manifest" /manifest png15.dir\Debug\libpng15d.dll.intermediate.manifest
         C:\Program Files (x86)\Microsoft SDKs\Windows\v7.0A\bin\rc.exe /nologo /fo"png15.dir\Debug\libpng15d.dll.embed.manifest.res" png15.dir\Debug\libpng15d_manifest.rc 
       LinkEmbedManifest:
         C:\Program Files (x86)\Microsoft Visual Studio 10.0\VC\bin\link.exe /ERRORREPORT:PROMPT /OUT:"C:\programming\python\pyflat\c\lpng1513\build\Debug\libpng15d.dll" /INCREMENTAL /NOLOGO kernel32.lib user32.lib gdi32.lib winspool.lib shell32.lib ole32.lib oleaut32.lib uuid.lib comdlg32.lib advapi32.lib "C:\programming\python\pyflat\c\zlib-1.2.7\build\Release\zlib.lib" /MANIFEST /ManifestFile:"png15.dir\Debug\libpng15d.dll.intermediate.manifest" /MANIFESTUAC:"level='asInvoker' uiAccess='false'" /DEBUG /PDB:"C:/programming/python/pyflat/c/lpng1513/build/Debug/libpng15d.pdb" /SUBSYSTEM:CONSOLE /STACK:"10000000" /TLBID:1 /DYNAMICBASE /NXCOMPAT /IMPLIB:"C:/programming/python/pyflat/c/lpng1513/build/Debug/libpng15d.lib" /MACHINE:X86 /DLL png15.dir\Debug\libpng15d.dll.embed.manifest.res
         png15.dir\Debug\png.obj
         png15.dir\Debug\pngerror.obj
         png15.dir\Debug\pngget.obj
         png15.dir\Debug\pngmem.obj
         png15.dir\Debug\pngpread.obj
         png15.dir\Debug\pngread.obj
         png15.dir\Debug\pngrio.obj
         png15.dir\Debug\pngrtran.obj
         png15.dir\Debug\pngrutil.obj
         png15.dir\Debug\pngset.obj
         png15.dir\Debug\pngtrans.obj
         png15.dir\Debug\pngwio.obj
         png15.dir\Debug\pngwrite.obj
         png15.dir\Debug\pngwtran.obj
         png15.dir\Debug\pngwutil.obj  /machine:X86 /debug 
            Creating library C:/programming/python/pyflat/c/lpng1513/build/Debug/libpng15d.lib and object C:/programming/python/pyflat/c/lpng1513/build/Debug/libpng15d.exp
         png15.vcxproj -> C:\programming\python\pyflat\c\lpng1513\build\Debug\libpng15d.dll
       FinalizeBuildStatus:
         Deleting file "png15.dir\Debug\png15.unsuccessfulbuild".
         Touching "png15.dir\Debug\png15.lastbuildstate".
     1>Done Building Project "C:\programming\python\pyflat\c\lpng1513\build\png15.vcxproj" (build target(s)).

Build succeeded.

Time Elapsed 00:00:06.10
