Build started 29-10-2012 16:56:45.
     1>Project "C:\programming\python\pyflat\c\freetype-2.4.10\builds\win32\vc2010\freetype.vcxproj" on node 2 (build target(s)).
     1>InitializeBuildStatus:
         Creating ".\..\..\..\objs\release\freetype.unsuccessfulbuild" because "AlwaysCreate" was specified.
       ClCompile:
         C:\Program Files (x86)\Microsoft Visual Studio 10.0\VC\bin\CL.exe /c /I..\..\..\include /nologo /W4 /WX- /MP /O2 /Ob1 /Oy- /D NDEBUG /D WIN32 /D _LIB /D _CRT_SECURE_NO_WARNINGS /D FT2_BUILD_LIBRARY /D _WINDLL /D _MBCS /GF /Gm- /EHsc /MT /GS /Gy /fp:precise /Za /Zc:wchar_t /Zc:forScope /Fo".\..\..\..\objs\release\\" /Fd".\..\..\..\objs\release\vc100.pdb" /Gd /TC /wd4001 /analyze- /errorReport:prompt ..\..\..\src\autofit\autofit.c ..\..\..\src\bdf\bdf.c ..\..\..\src\cff\cff.c ..\..\..\src\base\ftbase.c ..\..\..\src\base\ftbitmap.c ..\..\..\src\cache\ftcache.c ..\..\..\src\base\ftfstype.c ..\..\..\src\base\ftgasp.c ..\..\..\src\base\ftglyph.c ..\..\..\src\gzip\ftgzip.c ..\..\..\src\base\ftinit.c ..\..\..\src\lzw\ftlzw.c ..\..\..\src\base\ftstroke.c ..\..\..\src\base\ftsystem.c ..\..\..\src\smooth\smooth.c ..\..\..\src\base\ftbbox.c ..\..\..\src\base\ftmm.c ..\..\..\src\base\ftpfr.c ..\..\..\src\base\ftsynth.c ..\..\..\src\base\fttype1.c ..\..\..\src\base\ftwinfnt.c ..\..\..\src\base\ftxf86.c ..\..\..\src\base\ftlcdfil.c ..\..\..\src\base\ftgxval.c ..\..\..\src\base\ftotval.c ..\..\..\src\base\ftpatent.c ..\..\..\src\pcf\pcf.c ..\..\..\src\pfr\pfr.c ..\..\..\src\psaux\psaux.c ..\..\..\src\pshinter\pshinter.c ..\..\..\src\psnames\psmodule.c ..\..\..\src\raster\raster.c ..\..\..\src\sfnt\sfnt.c ..\..\..\src\truetype\truetype.c ..\..\..\src\type1\type1.c ..\..\..\src\cid\type1cid.c ..\..\..\src\type42\type42.c ..\..\..\src\winfonts\winfnt.c
         autofit.c
         bdf.c
     1>c:\programming\python\pyflat\c\freetype-2.4.10\src\bdf\bdflib.c(1162): warning C4100: 'lineno' : unreferenced formal parameter
     1>c:\programming\python\pyflat\c\freetype-2.4.10\src\bdf\bdflib.c(1295): warning C4100: 'lineno' : unreferenced formal parameter
         cff.c
         ftbase.c
         ftbitmap.c
         ftcache.c
         ftfstype.c
         ftgasp.c
         ftglyph.c
         ftgzip.c
         ftinit.c
         ftlzw.c
         ftstroke.c
         ftsystem.c
         smooth.c
         ftbbox.c
         ftmm.c
         ftpfr.c
         ftsynth.c
         fttype1.c
         ftwinfnt.c
         ftxf86.c
         ftlcdfil.c
         ftgxval.c
         ftotval.c
         ftpatent.c
         pcf.c
         pfr.c
         psaux.c
         pshinter.c
         psmodule.c
         raster.c
         sfnt.c
         truetype.c
         type1.c
         type1cid.c
         type42.c
         winfnt.c
         C:\Program Files (x86)\Microsoft Visual Studio 10.0\VC\bin\CL.exe /c /I..\..\..\include /nologo /W4 /WX- /MP /O2 /Ob1 /Oy- /D NDEBUG /D WIN32 /D _LIB /D _CRT_SECURE_NO_WARNINGS /D FT2_BUILD_LIBRARY /D _WINDLL /D _MBCS /GF /Gm- /EHsc /MT /GS /Gy /fp:precise /Zc:wchar_t /Zc:forScope /Fo".\..\..\..\objs\release\\" /Fd".\..\..\..\objs\release\vc100.pdb" /Gd /TC /wd4001 /analyze- /errorReport:prompt ..\ftdebug.c
         ftdebug.c
       Link:
         C:\Program Files (x86)\Microsoft Visual Studio 10.0\VC\bin\link.exe /ERRORREPORT:PROMPT /OUT:".\..\..\..\objs\win32\vc2010\freetype2410.dll" /NOLOGO kernel32.lib user32.lib gdi32.lib winspool.lib comdlg32.lib advapi32.lib shell32.lib ole32.lib oleaut32.lib uuid.lib odbc32.lib odbccp32.lib /MANIFEST /ManifestFile:".\..\..\..\objs\release\freetype2410.dll.intermediate.manifest" /MANIFESTUAC:"level='asInvoker' uiAccess='false'" /PDB:"C:\programming\python\pyflat\c\freetype-2.4.10\objs\win32\vc2010\freetype2410.pdb" /TLBID:1 /DYNAMICBASE /NXCOMPAT /IMPLIB:".\..\..\..\objs\win32\vc2010\freetype2410.lib" /MACHINE:X86 /DLL .\..\..\..\objs\release\autofit.obj
         .\..\..\..\objs\release\bdf.obj
         .\..\..\..\objs\release\cff.obj
         .\..\..\..\objs\release\ftbase.obj
         .\..\..\..\objs\release\ftbitmap.obj
         .\..\..\..\objs\release\ftcache.obj
         .\..\..\..\objs\release\ftdebug.obj
         .\..\..\..\objs\release\ftfstype.obj
         .\..\..\..\objs\release\ftgasp.obj
         .\..\..\..\objs\release\ftglyph.obj
         .\..\..\..\objs\release\ftgzip.obj
         .\..\..\..\objs\release\ftinit.obj
         .\..\..\..\objs\release\ftlzw.obj
         .\..\..\..\objs\release\ftstroke.obj
         .\..\..\..\objs\release\ftsystem.obj
         .\..\..\..\objs\release\smooth.obj
         .\..\..\..\objs\release\ftbbox.obj
         .\..\..\..\objs\release\ftmm.obj
         .\..\..\..\objs\release\ftpfr.obj
         .\..\..\..\objs\release\ftsynth.obj
         .\..\..\..\objs\release\fttype1.obj
         .\..\..\..\objs\release\ftwinfnt.obj
         .\..\..\..\objs\release\ftxf86.obj
         .\..\..\..\objs\release\ftlcdfil.obj
         .\..\..\..\objs\release\ftgxval.obj
         .\..\..\..\objs\release\ftotval.obj
         .\..\..\..\objs\release\ftpatent.obj
         .\..\..\..\objs\release\pcf.obj
         .\..\..\..\objs\release\pfr.obj
         .\..\..\..\objs\release\psaux.obj
         .\..\..\..\objs\release\pshinter.obj
         .\..\..\..\objs\release\psmodule.obj
         .\..\..\..\objs\release\raster.obj
         .\..\..\..\objs\release\sfnt.obj
         .\..\..\..\objs\release\truetype.obj
         .\..\..\..\objs\release\type1.obj
         .\..\..\..\objs\release\type1cid.obj
         .\..\..\..\objs\release\type42.obj
         .\..\..\..\objs\release\winfnt.obj
            Creating library .\..\..\..\objs\win32\vc2010\freetype2410.lib and object .\..\..\..\objs\win32\vc2010\freetype2410.exp
         freetype.vcxproj -> C:\programming\python\pyflat\c\freetype-2.4.10\builds\win32\vc2010\.\..\..\..\objs\win32\vc2010\freetype2410.dll
       Manifest:
         C:\Program Files (x86)\Microsoft SDKs\Windows\v7.0A\bin\mt.exe /nologo /verbose /outputresource:".\..\..\..\objs\win32\vc2010\freetype2410.dll;#2" /manifest .\..\..\..\objs\release\freetype2410.dll.intermediate.manifest
       FinalizeBuildStatus:
         Deleting file ".\..\..\..\objs\release\freetype.unsuccessfulbuild".
         Touching ".\..\..\..\objs\release\freetype.lastbuildstate".
     1>Done Building Project "C:\programming\python\pyflat\c\freetype-2.4.10\builds\win32\vc2010\freetype.vcxproj" (build target(s)).

Build succeeded.

Time Elapsed 00:00:04.29
