Build started 29-10-2012 16:41:04.
     1>Project "C:\programming\python\pyflat\c\lpng1513\build\png15_static.vcxproj" on node 2 (build target(s)).
     1>InitializeBuildStatus:
         Creating "png15_static.dir\Release\png15_static.unsuccessfulbuild" because "AlwaysCreate" was specified.
       CustomBuild:
         Building Custom Rule C:/programming/python/pyflat/c/lpng1513/CMakeLists.txt
         CMake does not need to re-run because C:\programming\python\pyflat\c\lpng1513\build\CMakeFiles\generate.stamp is up-to-date.
       ClCompile:
         C:\Program Files (x86)\Microsoft Visual Studio 10.0\VC\bin\CL.exe /c /I"C:/programming/python/pyflat/c/zlib-1.2.7" /IC:/programming/python/pyflat/c/lpng1513/build /IC:/programming/python/pyflat/c/lpng1513 /nologo /W3 /WX- /O2 /Ob2 /Oy- /D WIN32 /D _WINDOWS /D NDEBUG /D PNG_CONFIGURE_LIBPNG /D _CRT_SECURE_NO_DEPRECATE /D "CMAKE_INTDIR=\"Release\"" /D _MBCS /Gm- /MD /GS /fp:precise /Zc:wchar_t /Zc:forScope /Fo"png15_static.dir\Release\\" /Fd"C:/programming/python/pyflat/c/lpng1513/build/Release/libpng15_static.pdb" /Gd /TC /analyze- /errorReport:prompt ..\png.c ..\pngerror.c ..\pngget.c ..\pngmem.c ..\pngpread.c ..\pngread.c ..\pngrio.c ..\pngrtran.c ..\pngrutil.c ..\pngset.c ..\pngtrans.c ..\pngwio.c ..\pngwrite.c ..\pngwtran.c ..\pngwutil.c  /Zm1000 
         png.c
         pngerror.c
         pngget.c
         pngmem.c
         pngpread.c
         pngread.c
         pngrio.c
         pngrtran.c
         pngrutil.c
         pngset.c
         pngtrans.c
         pngwio.c
         pngwrite.c
         pngwtran.c
         pngwutil.c
         Generating Code...
       Lib:
         C:\Program Files (x86)\Microsoft Visual Studio 10.0\VC\bin\Lib.exe /OUT:"C:\programming\python\pyflat\c\lpng1513\build\Release\libpng15_static.lib" /NOLOGO png15_static.dir\Release\png.obj
         png15_static.dir\Release\pngerror.obj
         png15_static.dir\Release\pngget.obj
         png15_static.dir\Release\pngmem.obj
         png15_static.dir\Release\pngpread.obj
         png15_static.dir\Release\pngread.obj
         png15_static.dir\Release\pngrio.obj
         png15_static.dir\Release\pngrtran.obj
         png15_static.dir\Release\pngrutil.obj
         png15_static.dir\Release\pngset.obj
         png15_static.dir\Release\pngtrans.obj
         png15_static.dir\Release\pngwio.obj
         png15_static.dir\Release\pngwrite.obj
         png15_static.dir\Release\pngwtran.obj
         png15_static.dir\Release\pngwutil.obj
         png15_static.vcxproj -> C:\programming\python\pyflat\c\lpng1513\build\Release\libpng15_static.lib
       FinalizeBuildStatus:
         Deleting file "png15_static.dir\Release\png15_static.unsuccessfulbuild".
         Touching "png15_static.dir\Release\png15_static.lastbuildstate".
     1>Done Building Project "C:\programming\python\pyflat\c\lpng1513\build\png15_static.vcxproj" (build target(s)).

Build succeeded.

Time Elapsed 00:00:06.29
